<?xml version="1.0" encoding="utf-8"?><testsuites name="pytest tests"><testsuite name="pytest" errors="0" failures="0" skipped="0" tests="7" time="2.399" timestamp="2026-06-28T21:51:50.367761+00:00" hostname="agent-env-f6d2c647-82be-45e5-859d-eeb3eacdef71"><testcase classname="backend.tests.test_shopify_token_autorefresh.TestShopifyReadiness" name="test_readiness_connected" time="0.136" /><testcase classname="backend.tests.test_shopify_token_autorefresh.TestCatalogProducts" name="test_products_returns_42_with_numeric_variant_ids" time="0.588" /><testcase classname="backend.tests.test_shopify_token_autorefresh.TestCatalogProducts" name="test_home_featured_products_populated" time="0.626" /><testcase classname="backend.tests.test_shopify_token_autorefresh.TestCatalogProducts" name="test_product_detail_by_real_slug" time="0.556" /><testcase classname="backend.tests.test_shopify_token_autorefresh.TestCheckout" name="test_checkout_returns_cart_permalink" time="0.048" /><testcase classname="backend.tests.test_shopify_token_autorefresh.TestCheckout" name="test_checkout_empty_items_rejected" time="0.047" /><testcase classname="backend.tests.test_shopify_token_autorefresh.TestCheckout" name="test_checkout_with_live_variant_id" time="0.332" /></testsuite></testsuites>