<?xml version="1.0" encoding="utf-8"?><testsuites name="pytest tests"><testsuite name="pytest" errors="0" failures="0" skipped="0" tests="4" time="2.924" timestamp="2026-06-24T03:39:15.605082+00:00" hostname="agent-env-7f0dc3f5-ea8f-4542-bec8-b5abdee555f8"><testcase classname="backend.tests.test_shopify_live_integration" name="test_shopify_readiness_connected" time="0.169" /><testcase classname="backend.tests.test_shopify_live_integration" name="test_shop_page_products_present" time="1.391" /><testcase classname="backend.tests.test_shopify_live_integration" name="test_category_filters_rings_and_grills" time="0.663" /><testcase classname="backend.tests.test_shopify_live_integration" name="test_product_detail_opens_from_live_listing" time="0.630" /></testsuite></testsuites>