<?xml version="1.0" encoding="utf-8"?><testsuites name="pytest tests"><testsuite name="pytest" errors="0" failures="0" skipped="0" tests="7" time="2.077" timestamp="2026-06-27T18:49:50.578596+00:00" hostname="agent-env-f6d2c647-82be-45e5-859d-eeb3eacdef71"><testcase classname="backend.tests.test_checkout" name="test_catalog_products_have_variant_id" time="0.498" /><testcase classname="backend.tests.test_checkout" name="test_catalog_home_featured_have_variant_id" time="0.676" /><testcase classname="backend.tests.test_checkout" name="test_checkout_success_two_items" time="0.132" /><testcase classname="backend.tests.test_checkout" name="test_checkout_success_real_variant" time="0.398" /><testcase classname="backend.tests.test_checkout" name="test_checkout_empty_items_returns_400" time="0.092" /><testcase classname="backend.tests.test_checkout" name="test_checkout_filters_invalid_variant_ids" time="0.107" /><testcase classname="backend.tests.test_checkout" name="test_checkout_mixed_valid_and_invalid" time="0.106" /></testsuite></testsuites>