<?xml version="1.0" encoding="utf-8"?><testsuites name="pytest tests"><testsuite name="pytest" errors="0" failures="0" skipped="0" tests="5" time="2.829" timestamp="2026-08-19T05:08:37.564689+00:00" hostname="agent-env-f6d2c647-82be-45e5-859d-eeb3eacdef71"><testcase classname="backend.tests.test_shopify_regression" name="test_catalog_home_returns_6_featured_with_hero_images" time="1.102" /><testcase classname="backend.tests.test_shopify_regression" name="test_catalog_products_returns_all_with_variant_id" time="0.350" /><testcase classname="backend.tests.test_shopify_regression" name="test_shopify_readiness" time="0.128" /><testcase classname="backend.tests.test_shopify_regression" name="test_checkout_returns_shopify_permalink" time="0.470" /><testcase classname="backend.tests.test_shopify_regression" name="test_cors_allows_royalsparkjewelry_origin" time="0.709" /></testsuite></testsuites>